<?xml version="1.0" encoding="utf-8" ?>
<!DOCTYPE html PUBLIC "-//W3C//DTD XHTML 1.0 Strict//EN"
        "http://www.w3.org/TR/xhtml1/DTD/xhtml1-strict.dtd">
<html xmlns="http://www.w3.org/1999/xhtml" xml:lang="" lang="">
<head>
  <title>Test Results Report - Regression Test</title>
  <meta http-equiv="Content-Type" content="text/html;charset=utf-8" />
  <meta name="description" content="TestNG unit test results." />
  <link href="reportng.css" rel="stylesheet" type="text/css" />
    <script type="text/javascript" src="reportng.js"></script>
</head>
<body>
<h1>Regression Test</h1>
<p>
  Test duration: 819.559s
</p>



  <table class="resultsTable">
    <tr><th colspan="3" class="header failed">Failed Tests</th></tr>
          <tr>
        <td colspan="3" class="group">com.tutorialninja.testsuite.AccountRegisterPageTest</td>
      </tr>
            
<tr>
  <td class="method">
                  verifyThatUserRegisterAccountSuccessfully
      </td>
  <td class="duration">
    0.442s
  </td>
  <td class="result">
        
    
        

        <a href="javascript:toggleElement('exception-0', 'block')" title="Click to expand/collapse"><b>org.openqa.selenium.ElementNotInteractableException: element not interactable: [object HTMLSpanElement] has no size and location<br/>
&nbsp; (Session info: chrome=113.0.5672.64)<br/>
Build info: version: &apos;4.9.0&apos;, revision: &apos;d7057100a6&apos;<br/>
System info: os.name: &apos;Windows 10&apos;, os.arch: &apos;amd64&apos;, os.version: &apos;10.0&apos;, java.version: &apos;1.8.0_121&apos;<br/>
Driver info: org.openqa.selenium.chrome.ChromeDriver<br/>
Command: [3869a7cc656a44531d44f90c06bc26c1, actions {actions=[org.openqa.selenium.interactions.Sequence@3cc20577]}]<br/>
Capabilities {acceptInsecureCerts: false, browserName: chrome, browserVersion: 113.0.5672.64, chrome: {chromedriverVersion: 113.0.5672.63 (0e1a4471d5ae..., userDataDir: C:\Users\Bhavya\AppData\Loc...}, goog:chromeOptions: {debuggerAddress: localhost:58826}, networkConnectionEnabled: false, pageLoadStrategy: normal, platformName: WINDOWS, proxy: Proxy(), se:cdp: ws://localhost:58826/devtoo..., se:cdpVersion: 113.0.5672.64, setWindowRect: true, strictFileInteractability: false, timeouts: {implicit: 0, pageLoad: 300000, script: 30000}, unhandledPromptBehavior: dismiss and notify, webauthn:extension:credBlob: true, webauthn:extension:largeBlob: true, webauthn:extension:minPinLength: true, webauthn:extension:prf: true, webauthn:virtualAuthenticators: true}<br/>
Session ID: 3869a7cc656a44531d44f90c06bc26c1</b></a><br />
    <div class="stackTrace" id="exception-0">
              sun.reflect.NativeConstructorAccessorImpl.newInstance0(Native Method)<br />
              sun.reflect.NativeConstructorAccessorImpl.newInstance(NativeConstructorAccessorImpl.java:62)<br />
              sun.reflect.DelegatingConstructorAccessorImpl.newInstance(DelegatingConstructorAccessorImpl.java:45)<br />
              java.lang.reflect.Constructor.newInstance(Constructor.java:423)<br />
              org.openqa.selenium.remote.codec.w3c.W3CHttpResponseCodec.createException(W3CHttpResponseCodec.java:200)<br />
              org.openqa.selenium.remote.codec.w3c.W3CHttpResponseCodec.decode(W3CHttpResponseCodec.java:133)<br />
              org.openqa.selenium.remote.codec.w3c.W3CHttpResponseCodec.decode(W3CHttpResponseCodec.java:53)<br />
              org.openqa.selenium.remote.HttpCommandExecutor.execute(HttpCommandExecutor.java:193)<br />
              org.openqa.selenium.remote.service.DriverCommandExecutor.invokeExecute(DriverCommandExecutor.java:183)<br />
              org.openqa.selenium.remote.service.DriverCommandExecutor.execute(DriverCommandExecutor.java:158)<br />
              org.openqa.selenium.remote.RemoteWebDriver.execute(RemoteWebDriver.java:543)<br />
              org.openqa.selenium.remote.RemoteWebDriver.perform(RemoteWebDriver.java:611)<br />
              org.openqa.selenium.interactions.Actions$BuiltAction.perform(Actions.java:567)<br />
              org.openqa.selenium.interactions.Actions.perform(Actions.java:536)<br />
              com.tutorialninja.utility.Utility.mouseHoverToElementAndClick(Utility.java:244)<br />
              com.tutorialninja.pages.MyAccountPage.clickOnMyAccountTab(MyAccountPage.java:42)<br />
              com.tutorialninja.testsuite.AccountRegisterPageTest.verifyThatUserRegisterAccountSuccessfully(AccountRegisterPageTest.java:37)<br />
              sun.reflect.NativeMethodAccessorImpl.invoke0(Native Method)<br />
              sun.reflect.NativeMethodAccessorImpl.invoke(NativeMethodAccessorImpl.java:62)<br />
              sun.reflect.DelegatingMethodAccessorImpl.invoke(DelegatingMethodAccessorImpl.java:43)<br />
              java.lang.reflect.Method.invoke(Method.java:498)<br />
              org.testng.internal.invokers.MethodInvocationHelper.invokeMethod(MethodInvocationHelper.java:135)<br />
              org.testng.internal.invokers.TestInvoker.invokeMethod(TestInvoker.java:673)<br />
              org.testng.internal.invokers.TestInvoker.invokeTestMethod(TestInvoker.java:220)<br />
              org.testng.internal.invokers.MethodRunner.runInSequence(MethodRunner.java:50)<br />
              org.testng.internal.invokers.TestInvoker$MethodInvocationAgent.invoke(TestInvoker.java:945)<br />
              org.testng.internal.invokers.TestInvoker.invokeTestMethods(TestInvoker.java:193)<br />
              org.testng.internal.invokers.TestMethodWorker.invokeTestMethods(TestMethodWorker.java:146)<br />
              org.testng.internal.invokers.TestMethodWorker.run(TestMethodWorker.java:128)<br />
              java.util.ArrayList.forEach(ArrayList.java:1249)<br />
              org.testng.TestRunner.privateRun(TestRunner.java:808)<br />
              org.testng.TestRunner.run(TestRunner.java:603)<br />
              org.testng.SuiteRunner.runTest(SuiteRunner.java:429)<br />
              org.testng.SuiteRunner.runSequentially(SuiteRunner.java:423)<br />
              org.testng.SuiteRunner.privateRun(SuiteRunner.java:383)<br />
              org.testng.SuiteRunner.run(SuiteRunner.java:326)<br />
              org.testng.SuiteRunnerWorker.runSuite(SuiteRunnerWorker.java:52)<br />
              org.testng.SuiteRunnerWorker.run(SuiteRunnerWorker.java:95)<br />
              org.testng.TestNG.runSuitesSequentially(TestNG.java:1249)<br />
              org.testng.TestNG.runSuitesLocally(TestNG.java:1169)<br />
              org.testng.TestNG.runSuites(TestNG.java:1092)<br />
              org.testng.TestNG.run(TestNG.java:1060)<br />
              com.intellij.rt.testng.IDEARemoteTestNG.run(IDEARemoteTestNG.java:66)<br />
              com.intellij.rt.testng.RemoteTestNGStarter.main(RemoteTestNGStarter.java:109)<br />
                </div>
      </td>
</tr>
<tr>
  <td class="method">
                  verifyUserShouldNavigateToRegisterPageSuccessfully
      </td>
  <td class="duration">
    0.087s
  </td>
  <td class="result">
        
    
        

        <a href="javascript:toggleElement('exception-1', 'block')" title="Click to expand/collapse"><b>org.openqa.selenium.ElementNotInteractableException: element not interactable: [object HTMLSpanElement] has no size and location<br/>
&nbsp; (Session info: chrome=113.0.5672.64)<br/>
Build info: version: &apos;4.9.0&apos;, revision: &apos;d7057100a6&apos;<br/>
System info: os.name: &apos;Windows 10&apos;, os.arch: &apos;amd64&apos;, os.version: &apos;10.0&apos;, java.version: &apos;1.8.0_121&apos;<br/>
Driver info: org.openqa.selenium.chrome.ChromeDriver<br/>
Command: [7976470d63683c71a0922956374bc89d, actions {actions=[org.openqa.selenium.interactions.Sequence@5328a9c1]}]<br/>
Capabilities {acceptInsecureCerts: false, browserName: chrome, browserVersion: 113.0.5672.64, chrome: {chromedriverVersion: 113.0.5672.63 (0e1a4471d5ae..., userDataDir: C:\Users\Bhavya\AppData\Loc...}, goog:chromeOptions: {debuggerAddress: localhost:58867}, networkConnectionEnabled: false, pageLoadStrategy: normal, platformName: WINDOWS, proxy: Proxy(), se:cdp: ws://localhost:58867/devtoo..., se:cdpVersion: 113.0.5672.64, setWindowRect: true, strictFileInteractability: false, timeouts: {implicit: 0, pageLoad: 300000, script: 30000}, unhandledPromptBehavior: dismiss and notify, webauthn:extension:credBlob: true, webauthn:extension:largeBlob: true, webauthn:extension:minPinLength: true, webauthn:extension:prf: true, webauthn:virtualAuthenticators: true}<br/>
Session ID: 7976470d63683c71a0922956374bc89d</b></a><br />
    <div class="stackTrace" id="exception-1">
              sun.reflect.NativeConstructorAccessorImpl.newInstance0(Native Method)<br />
              sun.reflect.NativeConstructorAccessorImpl.newInstance(NativeConstructorAccessorImpl.java:62)<br />
              sun.reflect.DelegatingConstructorAccessorImpl.newInstance(DelegatingConstructorAccessorImpl.java:45)<br />
              java.lang.reflect.Constructor.newInstance(Constructor.java:423)<br />
              org.openqa.selenium.remote.codec.w3c.W3CHttpResponseCodec.createException(W3CHttpResponseCodec.java:200)<br />
              org.openqa.selenium.remote.codec.w3c.W3CHttpResponseCodec.decode(W3CHttpResponseCodec.java:133)<br />
              org.openqa.selenium.remote.codec.w3c.W3CHttpResponseCodec.decode(W3CHttpResponseCodec.java:53)<br />
              org.openqa.selenium.remote.HttpCommandExecutor.execute(HttpCommandExecutor.java:193)<br />
              org.openqa.selenium.remote.service.DriverCommandExecutor.invokeExecute(DriverCommandExecutor.java:183)<br />
              org.openqa.selenium.remote.service.DriverCommandExecutor.execute(DriverCommandExecutor.java:158)<br />
              org.openqa.selenium.remote.RemoteWebDriver.execute(RemoteWebDriver.java:543)<br />
              org.openqa.selenium.remote.RemoteWebDriver.perform(RemoteWebDriver.java:611)<br />
              org.openqa.selenium.interactions.Actions$BuiltAction.perform(Actions.java:567)<br />
              org.openqa.selenium.interactions.Actions.perform(Actions.java:536)<br />
              com.tutorialninja.utility.Utility.mouseHoverToElementAndClick(Utility.java:244)<br />
              com.tutorialninja.pages.MyAccountPage.clickOnMyAccountTab(MyAccountPage.java:42)<br />
              com.tutorialninja.testsuite.AccountRegisterPageTest.verifyUserShouldNavigateToRegisterPageSuccessfully(AccountRegisterPageTest.java:25)<br />
              sun.reflect.NativeMethodAccessorImpl.invoke0(Native Method)<br />
              sun.reflect.NativeMethodAccessorImpl.invoke(NativeMethodAccessorImpl.java:62)<br />
              sun.reflect.DelegatingMethodAccessorImpl.invoke(DelegatingMethodAccessorImpl.java:43)<br />
              java.lang.reflect.Method.invoke(Method.java:498)<br />
              org.testng.internal.invokers.MethodInvocationHelper.invokeMethod(MethodInvocationHelper.java:135)<br />
              org.testng.internal.invokers.TestInvoker.invokeMethod(TestInvoker.java:673)<br />
              org.testng.internal.invokers.TestInvoker.invokeTestMethod(TestInvoker.java:220)<br />
              org.testng.internal.invokers.MethodRunner.runInSequence(MethodRunner.java:50)<br />
              org.testng.internal.invokers.TestInvoker$MethodInvocationAgent.invoke(TestInvoker.java:945)<br />
              org.testng.internal.invokers.TestInvoker.invokeTestMethods(TestInvoker.java:193)<br />
              org.testng.internal.invokers.TestMethodWorker.invokeTestMethods(TestMethodWorker.java:146)<br />
              org.testng.internal.invokers.TestMethodWorker.run(TestMethodWorker.java:128)<br />
              java.util.ArrayList.forEach(ArrayList.java:1249)<br />
              org.testng.TestRunner.privateRun(TestRunner.java:808)<br />
              org.testng.TestRunner.run(TestRunner.java:603)<br />
              org.testng.SuiteRunner.runTest(SuiteRunner.java:429)<br />
              org.testng.SuiteRunner.runSequentially(SuiteRunner.java:423)<br />
              org.testng.SuiteRunner.privateRun(SuiteRunner.java:383)<br />
              org.testng.SuiteRunner.run(SuiteRunner.java:326)<br />
              org.testng.SuiteRunnerWorker.runSuite(SuiteRunnerWorker.java:52)<br />
              org.testng.SuiteRunnerWorker.run(SuiteRunnerWorker.java:95)<br />
              org.testng.TestNG.runSuitesSequentially(TestNG.java:1249)<br />
              org.testng.TestNG.runSuitesLocally(TestNG.java:1169)<br />
              org.testng.TestNG.runSuites(TestNG.java:1092)<br />
              org.testng.TestNG.run(TestNG.java:1060)<br />
              com.intellij.rt.testng.IDEARemoteTestNG.run(IDEARemoteTestNG.java:66)<br />
              com.intellij.rt.testng.RemoteTestNGStarter.main(RemoteTestNGStarter.java:109)<br />
                </div>
      </td>
</tr>
      </table>


  <table class="resultsTable">
    <tr><th colspan="3" class="header passed">Passed Tests</th></tr>
          <tr>
        <td colspan="3" class="group">com.tutorialninja.testsuite.AccountLoginPageTest</td>
      </tr>
            
<tr>
  <td class="method">
                  verifyThatUserShouldLoginAndLogoutSuccessfully
      </td>
  <td class="duration">
    7.000s
  </td>
  <td class="result">
        
    
            <div class="testOutput">
                        Click on my account tab[[ChromeDriver: chrome on WINDOWS (4fc931d41ee78c6e9df9be2d2e0f81b4)] -&gt; xpath: //span[contains(text(),&apos;My Account&apos;)]]<br />
                                Select my account options[[[ChromeDriver: chrome on WINDOWS (4fc931d41ee78c6e9df9be2d2e0f81b4)] -&gt; xpath: //ul[@class = &apos;dropdown-menu dropdown-menu-right&apos;]//li], [[ChromeDriver: chrome on WINDOWS (4fc931d41ee78c6e9df9be2d2e0f81b4)] -&gt; xpath: //ul[@class = &apos;dropdown-menu dropdown-menu-right&apos;]//li]]<br />
                                Enter email[[ChromeDriver: chrome on WINDOWS (4fc931d41ee78c6e9df9be2d2e0f81b4)] -&gt; id: input-email]<br />
                                Enter password[[ChromeDriver: chrome on WINDOWS (4fc931d41ee78c6e9df9be2d2e0f81b4)] -&gt; name: password]<br />
                                Click on login button[[ChromeDriver: chrome on WINDOWS (4fc931d41ee78c6e9df9be2d2e0f81b4)] -&gt; xpath: //input[@value=&apos;Login&apos;]]<br />
                                Get Text My account[[ChromeDriver: chrome on WINDOWS (4fc931d41ee78c6e9df9be2d2e0f81b4)] -&gt; xpath: //h2[contains(text(),&apos;My Account&apos;)]]<br />
                                Select my account options[[[ChromeDriver: chrome on WINDOWS (4fc931d41ee78c6e9df9be2d2e0f81b4)] -&gt; xpath: //ul[@class = &apos;dropdown-menu dropdown-menu-right&apos;]//li], [[ChromeDriver: chrome on WINDOWS (4fc931d41ee78c6e9df9be2d2e0f81b4)] -&gt; xpath: //ul[@class = &apos;dropdown-menu dropdown-menu-right&apos;]//li]]<br />
                                Get text account logout[[ChromeDriver: chrome on WINDOWS (4fc931d41ee78c6e9df9be2d2e0f81b4)] -&gt; xpath: //h1[contains(text(),&apos;Account Logout&apos;)]]<br />
                                Click on continue button[[ChromeDriver: chrome on WINDOWS (4fc931d41ee78c6e9df9be2d2e0f81b4)] -&gt; xpath: //a[contains(text(),&apos;Continue&apos;)]]<br />
                  </div>
    

      </td>
</tr>
<tr>
  <td class="method">
                  verifyUserShouldNavigateToLoginPageSuccessfully
      </td>
  <td class="duration">
    1.611s
  </td>
  <td class="result">
        
    
            <div class="testOutput">
                        Click on my account tab[[ChromeDriver: chrome on WINDOWS (a2c7156e99857f5a3d770ef907e3fba9)] -&gt; xpath: //span[contains(text(),&apos;My Account&apos;)]]<br />
                                Select my account options[[[ChromeDriver: chrome on WINDOWS (a2c7156e99857f5a3d770ef907e3fba9)] -&gt; xpath: //ul[@class = &apos;dropdown-menu dropdown-menu-right&apos;]//li], [[ChromeDriver: chrome on WINDOWS (a2c7156e99857f5a3d770ef907e3fba9)] -&gt; xpath: //ul[@class = &apos;dropdown-menu dropdown-menu-right&apos;]//li]]<br />
                                Get Text Return customer[[ChromeDriver: chrome on WINDOWS (a2c7156e99857f5a3d770ef907e3fba9)] -&gt; xpath: //h2[normalize-space()=&apos;Returning Customer&apos;]]<br />
                  </div>
    

      </td>
</tr>
          <tr>
        <td colspan="3" class="group">com.tutorialninja.testsuite.DesktopTest</td>
      </tr>
            
<tr>
  <td class="method">
                  verifyProductAddedToShoppingCartSuccessFully
      </td>
  <td class="duration">
    48.317s
  </td>
  <td class="result">
        
    
            <div class="testOutput">
                        Mouse hover and click on desktop[[ChromeDriver: chrome on WINDOWS (36f7bff55bc88b737f97b7db85bf985f)] -&gt; link text: Desktops]<br />
                                Click on show all desktop[[ChromeDriver: chrome on WINDOWS (36f7bff55bc88b737f97b7db85bf985f)] -&gt; link text: Show AllDesktops]<br />
                                Select sort by A to Z[[ChromeDriver: chrome on WINDOWS (36f7bff55bc88b737f97b7db85bf985f)] -&gt; id: input-sort]<br />
                                Select product[[ChromeDriver: chrome on WINDOWS (36f7bff55bc88b737f97b7db85bf985f)] -&gt; xpath: //a[contains(text(),&apos;HP LP3065&apos;)]]<br />
                                Get text HP[[ChromeDriver: chrome on WINDOWS (36f7bff55bc88b737f97b7db85bf985f)] -&gt; xpath: //h1[contains(text(),&apos;HP LP3065&apos;)]]<br />
                                Add to cart[[ChromeDriver: chrome on WINDOWS (36f7bff55bc88b737f97b7db85bf985f)] -&gt; id: button-cart]<br />
                                Get text Success Message[[ChromeDriver: chrome on WINDOWS (36f7bff55bc88b737f97b7db85bf985f)] -&gt; xpath: //div[@class=&apos;alert alert-success alert-dismissible&apos;]]<br />
                                Click on shopping cart[[ChromeDriver: chrome on WINDOWS (36f7bff55bc88b737f97b7db85bf985f)] -&gt; xpath: //a[contains(text(),&apos;shopping cart&apos;)]]<br />
                                Get text Shopping cart[[ChromeDriver: chrome on WINDOWS (36f7bff55bc88b737f97b7db85bf985f)] -&gt; xpath: //h1[contains(text(),&apos;Shopping Cart&apos;)]]<br />
                                Click on currency tab[[ChromeDriver: chrome on WINDOWS (36f7bff55bc88b737f97b7db85bf985f)] -&gt; xpath: //span[contains(text(),&apos;Currency&apos;)]]<br />
                                Click on pound sterling[[ChromeDriver: chrome on WINDOWS (36f7bff55bc88b737f97b7db85bf985f)] -&gt; xpath: //button[contains(text(),&apos;£Pound Sterling&apos;)]]<br />
                                Get text HPP Product[[ChromeDriver: chrome on WINDOWS (36f7bff55bc88b737f97b7db85bf985f)] -&gt; xpath: (//a[text()=&apos;HP LP3065&apos;])[2]]<br />
                                Get text delivery date[[ChromeDriver: chrome on WINDOWS (36f7bff55bc88b737f97b7db85bf985f)] -&gt; xpath: //small[normalize-space()=&apos;Delivery Date:2023-11-30&apos;]]<br />
                                Get text Product 21[[ChromeDriver: chrome on WINDOWS (36f7bff55bc88b737f97b7db85bf985f)] -&gt; xpath: //td[normalize-space()=&apos;Product 21&apos;]]<br />
                                Get text Total cost[[ChromeDriver: chrome on WINDOWS (36f7bff55bc88b737f97b7db85bf985f)] -&gt; xpath: (//td[@class=&apos;text-right&apos;][normalize-space()=&apos;£74.73&apos;])[4]]<br />
                  </div>
    

      </td>
</tr>
<tr>
  <td class="method">
                  verifyProductArrangeInAlphaBaticalOrder
      </td>
  <td class="duration">
    4.990s
  </td>
  <td class="result">
        
    
            <div class="testOutput">
                        Mouse hover and click on desktop[[ChromeDriver: chrome on WINDOWS (68a3657b8777df2dd601932a4caa21da)] -&gt; link text: Desktops]<br />
                                Click on show all desktop[[ChromeDriver: chrome on WINDOWS (68a3657b8777df2dd601932a4caa21da)] -&gt; link text: Show AllDesktops]<br />
                                Select sort by Z to A[[ChromeDriver: chrome on WINDOWS (68a3657b8777df2dd601932a4caa21da)] -&gt; id: input-sort]<br />
                  </div>
    

      </td>
</tr>
          <tr>
        <td colspan="3" class="group">com.tutorialninja.testsuite.LaptopsAndNoteBooksTest</td>
      </tr>
            
<tr>
  <td class="method">
                  verifyProductsPriceDisplayHighToLowSuccessfully
      </td>
  <td class="duration">
    4.403s
  </td>
  <td class="result">
        
    
            <div class="testOutput">
                        Mouse hover and click on Laptop and Notebooks[[ChromeDriver: chrome on WINDOWS (c8ead1619a154ba0f2afc30b5e6bdf8c)] -&gt; link text: Laptops &amp; Notebooks]<br />
                                Click on show all laptop and notebooks[[ChromeDriver: chrome on WINDOWS (c8ead1619a154ba0f2afc30b5e6bdf8c)] -&gt; link text: Show AllLaptops &amp; Notebooks]<br />
                                Original product list[[[ChromeDriver: chrome on WINDOWS (c8ead1619a154ba0f2afc30b5e6bdf8c)] -&gt; xpath: //p[@class =&apos;price&apos;]], [[ChromeDriver: chrome on WINDOWS (c8ead1619a154ba0f2afc30b5e6bdf8c)] -&gt; xpath: //p[@class =&apos;price&apos;]], [[ChromeDriver: chrome on WINDOWS (c8ead1619a154ba0f2afc30b5e6bdf8c)] -&gt; xpath: //p[@class =&apos;price&apos;]], [[ChromeDriver: chrome on WINDOWS (c8ead1619a154ba0f2afc30b5e6bdf8c)] -&gt; xpath: //p[@class =&apos;price&apos;]], [[ChromeDriver: chrome on WINDOWS (c8ead1619a154ba0f2afc30b5e6bdf8c)] -&gt; xpath: //p[@class =&apos;price&apos;]]]<br />
                                Product Sort by High low price[[ChromeDriver: chrome on WINDOWS (c8ead1619a154ba0f2afc30b5e6bdf8c)] -&gt; id: input-sort]<br />
                                After sort by price[[[ChromeDriver: chrome on WINDOWS (c8ead1619a154ba0f2afc30b5e6bdf8c)] -&gt; xpath: //p[@class =&apos;price&apos;]], [[ChromeDriver: chrome on WINDOWS (c8ead1619a154ba0f2afc30b5e6bdf8c)] -&gt; xpath: //p[@class =&apos;price&apos;]], [[ChromeDriver: chrome on WINDOWS (c8ead1619a154ba0f2afc30b5e6bdf8c)] -&gt; xpath: //p[@class =&apos;price&apos;]], [[ChromeDriver: chrome on WINDOWS (c8ead1619a154ba0f2afc30b5e6bdf8c)] -&gt; xpath: //p[@class =&apos;price&apos;]], [[ChromeDriver: chrome on WINDOWS (c8ead1619a154ba0f2afc30b5e6bdf8c)] -&gt; xpath: //p[@class =&apos;price&apos;]]]<br />
                  </div>
    

      </td>
</tr>
<tr>
  <td class="method">
                  verifyThatUserPlaceOrderSuccessfully
      </td>
  <td class="duration">
    72.964s
  </td>
  <td class="result">
        
    
            <div class="testOutput">
                        Click on currency tab[[ChromeDriver: chrome on WINDOWS (ef2dcbb59817a74ec5578de15e4221be)] -&gt; xpath: //span[contains(text(),&apos;Currency&apos;)]]<br />
                                Click on pound sterling[[ChromeDriver: chrome on WINDOWS (ef2dcbb59817a74ec5578de15e4221be)] -&gt; xpath: //button[contains(text(),&apos;£Pound Sterling&apos;)]]<br />
                                Mouse hover and click on Laptop and Notebooks[[ChromeDriver: chrome on WINDOWS (ef2dcbb59817a74ec5578de15e4221be)] -&gt; link text: Laptops &amp; Notebooks]<br />
                                Click on show all laptop and notebooks[[ChromeDriver: chrome on WINDOWS (ef2dcbb59817a74ec5578de15e4221be)] -&gt; link text: Show AllLaptops &amp; Notebooks]<br />
                                Product Sort by High low price[[ChromeDriver: chrome on WINDOWS (ef2dcbb59817a74ec5578de15e4221be)] -&gt; id: input-sort]<br />
                                Click on Macbook[[ChromeDriver: chrome on WINDOWS (ef2dcbb59817a74ec5578de15e4221be)] -&gt; link text: MacBook]<br />
                                Get Text MacBook[[ChromeDriver: chrome on WINDOWS (ef2dcbb59817a74ec5578de15e4221be)] -&gt; xpath: //h1[contains(text(),&apos;MacBook&apos;)]]<br />
                                Click on add to cart[[ChromeDriver: chrome on WINDOWS (ef2dcbb59817a74ec5578de15e4221be)] -&gt; xpath: //button[@id=&apos;button-cart&apos;]]<br />
                                Get Text Success[[ChromeDriver: chrome on WINDOWS (ef2dcbb59817a74ec5578de15e4221be)] -&gt; xpath: //div[@class=&apos;alert alert-success alert-dismissible&apos;]]<br />
                                Click on shopping cart[[ChromeDriver: chrome on WINDOWS (ef2dcbb59817a74ec5578de15e4221be)] -&gt; xpath: //a[contains(text(),&apos;shopping cart&apos;)]]<br />
                                Get text shopping cart[[ChromeDriver: chrome on WINDOWS (ef2dcbb59817a74ec5578de15e4221be)] -&gt; xpath: //div[@id=&apos;content&apos;]//h1]<br />
                                Get Text MacBook[[ChromeDriver: chrome on WINDOWS (ef2dcbb59817a74ec5578de15e4221be)] -&gt; xpath: //div[@class = &apos;table-responsive&apos;]/table/tbody/tr/td[2]/a]<br />
                                Change the Qty[[ChromeDriver: chrome on WINDOWS (ef2dcbb59817a74ec5578de15e4221be)] -&gt; xpath: //input[contains(@name, &apos;quantity&apos;)]]<br />
                                Click on update tab[[ChromeDriver: chrome on WINDOWS (ef2dcbb59817a74ec5578de15e4221be)] -&gt; xpath: //button[contains(@data-original-title, &apos;Update&apos;)]]<br />
                                Get Text modified success[[ChromeDriver: chrome on WINDOWS (ef2dcbb59817a74ec5578de15e4221be)] -&gt; xpath: //div[@id=&apos;checkout-cart&apos;]/div[1]]<br />
                                Get Text Total amount[[ChromeDriver: chrome on WINDOWS (ef2dcbb59817a74ec5578de15e4221be)] -&gt; xpath: //div[@class = &apos;table-responsive&apos;]/table/tbody/tr/td[6]]<br />
                                Click on checkout[[ChromeDriver: chrome on WINDOWS (ef2dcbb59817a74ec5578de15e4221be)] -&gt; xpath: //a[contains(text(),&apos;Checkout&apos;)]]<br />
                                Get Text Check Out[[ChromeDriver: chrome on WINDOWS (ef2dcbb59817a74ec5578de15e4221be)] -&gt; xpath: //h1[contains(text(),&apos;Checkout&apos;)]]<br />
                                Get Text New customer[[ChromeDriver: chrome on WINDOWS (ef2dcbb59817a74ec5578de15e4221be)] -&gt; xpath: //h2[contains(text(),&apos;New Customer&apos;)]]<br />
                                Click on guest checkout button[[ChromeDriver: chrome on WINDOWS (ef2dcbb59817a74ec5578de15e4221be)] -&gt; xpath: //input[@value=&apos;guest&apos;]]<br />
                                Click on Continue button[[ChromeDriver: chrome on WINDOWS (ef2dcbb59817a74ec5578de15e4221be)] -&gt; xpath: //input[@id=&apos;button-account&apos;]]<br />
                                Enter first name[[ChromeDriver: chrome on WINDOWS (ef2dcbb59817a74ec5578de15e4221be)] -&gt; xpath: //input[@id=&apos;input-payment-firstname&apos;]]<br />
                                Enter last name[[ChromeDriver: chrome on WINDOWS (ef2dcbb59817a74ec5578de15e4221be)] -&gt; xpath: //input[@id=&apos;input-payment-lastname&apos;]]<br />
                                Enter email[[ChromeDriver: chrome on WINDOWS (ef2dcbb59817a74ec5578de15e4221be)] -&gt; xpath: //input[@id=&apos;input-payment-email&apos;]]<br />
                                Enter Telephone[[ChromeDriver: chrome on WINDOWS (ef2dcbb59817a74ec5578de15e4221be)] -&gt; xpath: //input[@id=&apos;input-payment-telephone&apos;]]<br />
                                Enter Address[[ChromeDriver: chrome on WINDOWS (ef2dcbb59817a74ec5578de15e4221be)] -&gt; xpath: //input[@id=&apos;input-payment-address-1&apos;]]<br />
                                Enter City[[ChromeDriver: chrome on WINDOWS (ef2dcbb59817a74ec5578de15e4221be)] -&gt; xpath: //input[@id=&apos;input-payment-city&apos;]]<br />
                                Enter postcode[[ChromeDriver: chrome on WINDOWS (ef2dcbb59817a74ec5578de15e4221be)] -&gt; xpath: //input[@id=&apos;input-payment-postcode&apos;]]<br />
                                Enter Country[[ChromeDriver: chrome on WINDOWS (ef2dcbb59817a74ec5578de15e4221be)] -&gt; xpath: //select[@id=&apos;input-payment-country&apos;]]<br />
                                Enter State[[ChromeDriver: chrome on WINDOWS (ef2dcbb59817a74ec5578de15e4221be)] -&gt; xpath: //select[@id=&apos;input-payment-zone&apos;]]<br />
                                Click on continue button[[ChromeDriver: chrome on WINDOWS (ef2dcbb59817a74ec5578de15e4221be)] -&gt; xpath: //input[@id=&apos;button-guest&apos;]]<br />
                                Enter comment[[ChromeDriver: chrome on WINDOWS (ef2dcbb59817a74ec5578de15e4221be)] -&gt; tag name: textarea]<br />
                                Check terms and condition[[ChromeDriver: chrome on WINDOWS (ef2dcbb59817a74ec5578de15e4221be)] -&gt; name: agree]<br />
                                Click on continue button for payment[[ChromeDriver: chrome on WINDOWS (ef2dcbb59817a74ec5578de15e4221be)] -&gt; xpath: //input[@id=&apos;button-payment-method&apos;]]<br />
                                Get Text for warning[[ChromeDriver: chrome on WINDOWS (ef2dcbb59817a74ec5578de15e4221be)] -&gt; xpath: //div[text()=&apos;Warning: Payment method required!&apos;]]<br />
                  </div>
    

      </td>
</tr>
          <tr>
        <td colspan="3" class="group">com.tutorialninja.testsuite.TopMenuTest</td>
      </tr>
            
<tr>
  <td class="method">
                  verifyUserShouldNavigateToComponentsPageSuccessfully
      </td>
  <td class="duration">
    26.047s
  </td>
  <td class="result">
        
    
            <div class="testOutput">
                        Mouse hover and click on Components[[ChromeDriver: chrome on WINDOWS (334ad6b32da959838cbc6b2e95341517)] -&gt; link text: Components]<br />
                                Select from top menu[]<br />
                                Get Text Components[[ChromeDriver: chrome on WINDOWS (334ad6b32da959838cbc6b2e95341517)] -&gt; xpath: //h2[contains(text(),&apos;Components&apos;)]]<br />
                  </div>
    

      </td>
</tr>
<tr>
  <td class="method">
                  verifyUserShouldNavigateToDesktopsPageSuccessfully
      </td>
  <td class="duration">
    22.716s
  </td>
  <td class="result">
        
    
            <div class="testOutput">
                        Mouse hover and click on desktop[[ChromeDriver: chrome on WINDOWS (5c7a6b11f7cc237a432899c0cb2017d6)] -&gt; link text: Desktops]<br />
                                Select from top menu[]<br />
                                Get Text Desktop[[ChromeDriver: chrome on WINDOWS (5c7a6b11f7cc237a432899c0cb2017d6)] -&gt; xpath: //h2[contains(text(),&apos;Desktops&apos;)]]<br />
                  </div>
    

      </td>
</tr>
<tr>
  <td class="method">
                  verifyUserShouldNavigateToLaptopsAndNotebooksPageSuccessfully
      </td>
  <td class="duration">
    25.067s
  </td>
  <td class="result">
        
    
            <div class="testOutput">
                        Mouse hover and click on Laptop and Notebooks[[ChromeDriver: chrome on WINDOWS (f319b18951c68b24b805789991730904)] -&gt; link text: Laptops &amp; Notebooks]<br />
                                Select from top menu[]<br />
                                Get Text Laptop and Notebooks[[ChromeDriver: chrome on WINDOWS (f319b18951c68b24b805789991730904)] -&gt; xpath: //h2[contains(text(),&apos;Laptops &amp; Notebooks&apos;)]]<br />
                  </div>
    

      </td>
</tr>
      </table>
  
</body>
</html>
